<?xml version="1.0" encoding="UTF-8"?>
<!-- Generated by org.testng.reporters.JUnitXMLReporter -->
<testsuite hostname="DESKTOP-HR8D3KK" ignored="0" name="testRig App" tests="4" failures="0" timestamp="03 Oct 2021 18:26:35 GMT" time="68.824" errors="0">
  <testcase name="browseQuestions" time="7.187" classname="testCase.GetTagWithMaxQueCount"/>
  <testcase name="clickTag" time="3.099" classname="testCase.GetTagWithMaxQueCount"/>
  <testcase name="clickNew" time="1.712" classname="testCase.GetTagWithMaxQueCount"/>
  <testcase name="getMaxCountQue" time="6.426" classname="testCase.GetTagWithMaxQueCount"/>
</testsuite> <!-- testRig App -->
